2021-04-13 14:52:18,287 INFO o.a.j.u.JMeterUtils: Setting Locale to en_EN
2021-04-13 14:52:18,301 INFO o.a.j.JMeter: Loading user properties from: C:\JMeter\apache-jmeter-5.1.1\bin\user.properties
2021-04-13 14:52:18,301 INFO o.a.j.JMeter: Loading system properties from: C:\JMeter\apache-jmeter-5.1.1\bin\system.properties
2021-04-13 14:52:18,310 INFO o.a.j.JMeter: Copyright (c) 1998-2019 The Apache Software Foundation
2021-04-13 14:52:18,310 INFO o.a.j.JMeter: Version 5.1.1 r1855137
2021-04-13 14:52:18,310 INFO o.a.j.JMeter: java.version=1.8.0_281
2021-04-13 14:52:18,310 INFO o.a.j.JMeter: java.vm.name=Java HotSpot(TM) 64-Bit Server VM
2021-04-13 14:52:18,310 INFO o.a.j.JMeter: os.name=Windows 10
2021-04-13 14:52:18,310 INFO o.a.j.JMeter: os.arch=amd64
2021-04-13 14:52:18,310 INFO o.a.j.JMeter: os.version=10.0
2021-04-13 14:52:18,310 INFO o.a.j.JMeter: file.encoding=Cp1252
2021-04-13 14:52:18,310 INFO o.a.j.JMeter: java.awt.headless=null
2021-04-13 14:52:18,310 INFO o.a.j.JMeter: Max memory     =8589934592
2021-04-13 14:52:18,310 INFO o.a.j.JMeter: Available Processors =8
2021-04-13 14:52:18,316 INFO o.a.j.JMeter: Default Locale=English (EN)
2021-04-13 14:52:18,316 INFO o.a.j.JMeter: JMeter  Locale=English (EN)
2021-04-13 14:52:18,316 INFO o.a.j.JMeter: JMeterHome=C:\JMeter\apache-jmeter-5.1.1
2021-04-13 14:52:18,316 INFO o.a.j.JMeter: user.dir  =C:\github\shaqo_doon_crawlers\PROD
2021-04-13 14:52:18,316 INFO o.a.j.JMeter: PWD       =C:\github\shaqo_doon_crawlers\PROD
2021-04-13 14:52:18,316 INFO o.a.j.JMeter: IP: 172.19.47.143 Name: EN1410269 FullName: EN1410269.endava.net
2021-04-13 14:52:18,586 INFO o.a.j.g.a.LookAndFeelCommand: Installing Darcula LAF
2021-04-13 14:52:18,610 INFO o.a.j.g.a.LookAndFeelCommand: Using look and feel: com.bulenkov.darcula.DarculaLaf [Darcula]
2021-04-13 14:52:18,610 INFO o.a.j.JMeter: Setting LAF to: com.bulenkov.darcula.DarculaLaf
2021-04-13 14:52:18,689 INFO o.a.j.JMeter: Loaded icon properties from org/apache/jmeter/images/icon.properties
2021-04-13 14:52:19,707 WARN o.j.r.PluginManager: Found JAR conflict: C:\JMeter\apache-jmeter-5.1.1\lib\ext\jmeter-plugins-dummy-0.4.jar and C:\JMeter\apache-jmeter-5.1.1\lib\ext\jmeter-plugins-dummy-0.3.jar
2021-04-13 14:52:20,066 INFO o.a.j.JMeter: Loading file: career_accessa.jmx
2021-04-13 14:52:20,071 INFO o.a.j.s.FileServer: Default base='C:\github\shaqo_doon_crawlers\PROD'
2021-04-13 14:52:20,071 INFO o.a.j.s.FileServer: Set new base='C:\github\shaqo_doon_crawlers\PROD'
2021-04-13 14:52:20,261 INFO o.a.j.s.SaveService: Testplan (JMX) version: 2.2. Testlog (JTL) version: 2.2
2021-04-13 14:52:20,279 INFO o.a.j.s.SaveService: Using SaveService properties file encoding UTF-8
2021-04-13 14:52:20,281 INFO o.a.j.s.SaveService: Using SaveService properties version 5.0
2021-04-13 14:52:20,284 INFO o.a.j.s.SaveService: Loading file: career_accessa.jmx
2021-04-13 14:52:20,410 INFO o.j.r.JARSourceHTTP: Requesting https://jmeter-plugins.org/repo/?installID=windows_10-06974bbb3815a3a4651f35468a8e1a6f-gui
2021-04-13 14:52:20,501 INFO o.a.j.p.h.s.HTTPSamplerBase: Parser for text/html is org.apache.jmeter.protocol.http.parser.LagartoBasedHtmlParser
2021-04-13 14:52:20,501 INFO o.a.j.p.h.s.HTTPSamplerBase: Parser for application/xhtml+xml is org.apache.jmeter.protocol.http.parser.LagartoBasedHtmlParser
2021-04-13 14:52:20,501 INFO o.a.j.p.h.s.HTTPSamplerBase: Parser for application/xml is org.apache.jmeter.protocol.http.parser.LagartoBasedHtmlParser
2021-04-13 14:52:20,501 INFO o.a.j.p.h.s.HTTPSamplerBase: Parser for text/xml is org.apache.jmeter.protocol.http.parser.LagartoBasedHtmlParser
2021-04-13 14:52:20,501 INFO o.a.j.p.h.s.HTTPSamplerBase: Parser for text/vnd.wap.wml is org.apache.jmeter.protocol.http.parser.RegexpHTMLParser
2021-04-13 14:52:20,501 INFO o.a.j.p.h.s.HTTPSamplerBase: Parser for text/css is org.apache.jmeter.protocol.http.parser.CssParser
2021-04-13 14:52:20,593 INFO o.a.j.s.FileServer: Set new base='C:\github\shaqo_doon_crawlers\PROD'
2021-04-13 14:52:20,901 INFO o.a.j.s.SampleResult: Note: Sample TimeStamps are START times
2021-04-13 14:52:20,901 INFO o.a.j.s.SampleResult: sampleresult.default.encoding is set to ISO-8859-1
2021-04-13 14:52:20,901 INFO o.a.j.s.SampleResult: sampleresult.useNanoTime=true
2021-04-13 14:52:20,901 INFO o.a.j.s.SampleResult: sampleresult.nanoThreadSleep=5000
2021-04-13 14:52:22,553 INFO o.a.j.e.KeyToolUtils: keytool found at 'keytool'
2021-04-13 14:52:22,556 INFO o.a.j.p.h.p.ProxyControl: HTTP(S) Test Script Recorder SSL Proxy will use keys that support embedded 3rd party resources in file C:\JMeter\apache-jmeter-5.1.1\bin\proxyserver.jks
2021-04-13 14:52:23,771 INFO o.j.r.PluginManager: Plugins Status: [jpgc-graphs-basic=2.0, jpgc-csl=0.1, jpgc-functions=2.1, jpgc-casutg=2.9, jpgc-dummy=0.3, jpgc-ffw=2.0, jpgc-fifo=0.2, jpgc-perfmon=2.1, jpgc-plugins-manager=1.3, jpgc-webdriver=3.1, jpgc-tst=2.5, jmeter-core=5.1.1, jmeter-ftp=5.1.1, jmeter-http=5.1.1, jmeter-jdbc=5.1.1, jmeter-jms=5.1.1, jmeter-junit=5.1.1, jmeter-java=5.1.1, jmeter-ldap=5.1.1, jmeter-mail=5.1.1, jmeter-mongodb=5.1.1, jmeter-native=5.1.1, jmeter-tcp=5.1.1, jmeter-components=5.1.1, jpgc-standard=2.0]
2021-04-13 14:52:23,776 INFO o.j.r.PluginManagerMenuItem: Plugins Manager has upgrades: [jpgc-dummy, jpgc-plugins-manager, jpgc-webdriver]
