2021-01-16 15:37:19,081 INFO o.a.j.u.JMeterUtils: Setting Locale to en_EN
2021-01-16 15:37:19,106 INFO o.a.j.JMeter: Loading user properties from: C:\JMeter\apache-jmeter-5.4\apache-jmeter-5.4\bin\user.properties
2021-01-16 15:37:19,106 INFO o.a.j.JMeter: Loading system properties from: C:\JMeter\apache-jmeter-5.4\apache-jmeter-5.4\bin\system.properties
2021-01-16 15:37:19,115 INFO o.a.j.JMeter: Copyright (c) 1998-2020 The Apache Software Foundation
2021-01-16 15:37:19,115 INFO o.a.j.JMeter: Version 5.4
2021-01-16 15:37:19,115 INFO o.a.j.JMeter: java.version=1.8.0_271
2021-01-16 15:37:19,115 INFO o.a.j.JMeter: java.vm.name=Java HotSpot(TM) 64-Bit Server VM
2021-01-16 15:37:19,115 INFO o.a.j.JMeter: os.name=Windows 10
2021-01-16 15:37:19,115 INFO o.a.j.JMeter: os.arch=amd64
2021-01-16 15:37:19,115 INFO o.a.j.JMeter: os.version=10.0
2021-01-16 15:37:19,115 INFO o.a.j.JMeter: file.encoding=Cp1252
2021-01-16 15:37:19,115 INFO o.a.j.JMeter: java.awt.headless=true
2021-01-16 15:37:19,115 INFO o.a.j.JMeter: Max memory     =1073741824
2021-01-16 15:37:19,115 INFO o.a.j.JMeter: Available Processors =8
2021-01-16 15:37:19,119 INFO o.a.j.JMeter: Default Locale=English (EN)
2021-01-16 15:37:19,120 INFO o.a.j.JMeter: JMeter  Locale=English (EN)
2021-01-16 15:37:19,120 INFO o.a.j.JMeter: JMeterHome=C:\JMeter\apache-jmeter-5.4\apache-jmeter-5.4
2021-01-16 15:37:19,120 INFO o.a.j.JMeter: user.dir  =C:\github\shaqo_doon_crawlers\PROD
2021-01-16 15:37:19,120 INFO o.a.j.JMeter: PWD       =C:\github\shaqo_doon_crawlers\PROD
2021-01-16 15:37:19,122 INFO o.a.j.JMeter: IP: 192.168.2.104 Name: EN1410269 FullName: EN1410269.endava.net
2021-01-16 15:37:19,129 INFO o.a.j.s.FileServer: Default base='C:\github\shaqo_doon_crawlers\PROD'
2021-01-16 15:37:19,131 INFO o.a.j.s.FileServer: Set new base='C:\github\shaqo_doon_crawlers\PROD'
2021-01-16 15:37:19,277 INFO o.a.j.s.SaveService: Testplan (JMX) version: 2.2. Testlog (JTL) version: 2.2
2021-01-16 15:37:19,297 INFO o.a.j.s.SaveService: Using SaveService properties file encoding UTF-8
2021-01-16 15:37:19,301 INFO o.a.j.s.SaveService: Using SaveService properties version 5.0
2021-01-16 15:37:19,306 INFO o.a.j.s.SaveService: Loading file: careers_yonder.jmx
2021-01-16 15:37:19,355 INFO o.a.j.p.h.s.HTTPSamplerBase: Parser for text/html is org.apache.jmeter.protocol.http.parser.LagartoBasedHtmlParser
2021-01-16 15:37:19,355 INFO o.a.j.p.h.s.HTTPSamplerBase: Parser for application/xhtml+xml is org.apache.jmeter.protocol.http.parser.LagartoBasedHtmlParser
2021-01-16 15:37:19,355 INFO o.a.j.p.h.s.HTTPSamplerBase: Parser for application/xml is org.apache.jmeter.protocol.http.parser.LagartoBasedHtmlParser
2021-01-16 15:37:19,355 INFO o.a.j.p.h.s.HTTPSamplerBase: Parser for text/xml is org.apache.jmeter.protocol.http.parser.LagartoBasedHtmlParser
2021-01-16 15:37:19,355 INFO o.a.j.p.h.s.HTTPSamplerBase: Parser for text/vnd.wap.wml is org.apache.jmeter.protocol.http.parser.RegexpHTMLParser
2021-01-16 15:37:19,355 INFO o.a.j.p.h.s.HTTPSamplerBase: Parser for text/css is org.apache.jmeter.protocol.http.parser.CssParser
2021-01-16 15:37:19,409 INFO o.a.j.JMeter: Creating summariser <summary>
2021-01-16 15:37:19,417 INFO o.a.j.e.StandardJMeterEngine: Running the test!
2021-01-16 15:37:19,418 INFO o.a.j.s.SampleEvent: List of sample_variables: []
2021-01-16 15:37:19,418 INFO o.a.j.s.SampleEvent: List of sample_variables: []
2021-01-16 15:37:19,424 INFO o.a.j.e.u.CompoundVariable: Note: Function class names must contain the string: '.functions.'
2021-01-16 15:37:19,424 INFO o.a.j.e.u.CompoundVariable: Note: Function class names must not contain the string: '.gui.'
2021-01-16 15:37:19,713 INFO o.a.j.JMeter: Running test (1610804239713)
2021-01-16 15:37:19,750 INFO o.a.j.e.StandardJMeterEngine: Starting ThreadGroup: 1 : Thread Group
2021-01-16 15:37:19,750 INFO o.a.j.e.StandardJMeterEngine: Starting 1 threads for group Thread Group.
2021-01-16 15:37:19,750 INFO o.a.j.e.StandardJMeterEngine: Thread will continue on error
2021-01-16 15:37:19,750 INFO o.a.j.t.ThreadGroup: Starting thread group... number=1 threads=1 ramp-up=1 delayedStart=false
2021-01-16 15:37:19,755 INFO o.a.j.t.ThreadGroup: Started thread group number 1
2021-01-16 15:37:19,755 INFO o.a.j.e.StandardJMeterEngine: All thread groups have been started
2021-01-16 15:37:19,758 INFO o.a.j.t.JMeterThread: Thread started: Thread Group 1-1
2021-01-16 15:37:19,774 INFO o.a.j.p.h.s.HTTPHCAbstractImpl: Local host = EN1410269
2021-01-16 15:37:19,781 INFO o.a.j.p.h.s.HTTPHC4Impl: HTTP request retry count = 0
2021-01-16 15:37:19,781 INFO o.a.j.s.SampleResult: Note: Sample TimeStamps are START times
2021-01-16 15:37:19,781 INFO o.a.j.s.SampleResult: sampleresult.default.encoding is set to UTF-8
2021-01-16 15:37:19,781 INFO o.a.j.s.SampleResult: sampleresult.useNanoTime=true
2021-01-16 15:37:19,781 INFO o.a.j.s.SampleResult: sampleresult.nanoThreadSleep=5000
2021-01-16 15:37:19,892 INFO o.a.j.p.h.s.h.LazyLayeredConnectionSocketFactory: Setting up HTTPS TrustAll Socket Factory
2021-01-16 15:37:19,901 INFO o.a.j.u.JsseSSLManager: Using default SSL protocol: TLS
2021-01-16 15:37:19,901 INFO o.a.j.u.JsseSSLManager: SSL session context: per-thread
2021-01-16 15:37:20,482 INFO o.a.j.u.SSLManager: JmeterKeyStore Location:  type JKS
2021-01-16 15:37:20,483 INFO o.a.j.u.SSLManager: KeyStore created OK
2021-01-16 15:37:20,483 WARN o.a.j.u.SSLManager: Keystore file not found, loading empty keystore
2021-01-16 15:37:23,218 INFO o.a.j.t.JMeterThread: Thread is done: Thread Group 1-1
2021-01-16 15:37:23,218 INFO o.a.j.t.JMeterThread: Thread finished: Thread Group 1-1
2021-01-16 15:37:23,221 INFO o.a.j.e.StandardJMeterEngine: Notifying test listeners of end of test
2021-01-16 15:37:23,222 INFO o.a.j.r.Summariser: summary =     11 in 00:00:04 =    3.1/s Avg:   326 Min:     1 Max:  1490 Err:     0 (0.00%)
